#
# A fatal error has been detected by the Java Runtime Environment:
#
#  EXCEPTION_ACCESS_VIOLATION (0xc0000005) at pc=0x000000001d047f07, pid=3524, tid=8176
#
# JRE version: Java(TM) SE Runtime Environment (8.0_31-b13) (build 1.8.0_31-b13)
# Java VM: Java HotSpot(TM) 64-Bit Server VM (25.31-b07 mixed mode windows-amd64 compressed oops)
# Problematic frame:
# C  [lpsolve55.dll+0x57f07]
#
# Failed to write core dump. Minidumps are not enabled by default on client versions of Windows
#
# If you would like to submit a bug report, please visit:
#   http://bugreport.java.com/bugreport/crash.jsp
# The crash happened outside the Java Virtual Machine in native code.
# See problematic frame for where to report the bug.
#

---------------  T H R E A D  ---------------

Current thread (0x0000000017a65800):  JavaThread "AWT-EventQueue-0" [_thread_in_native, id=8176, stack(0x0000000018920000,0x0000000018a20000)]

siginfo: ExceptionCode=0xc0000005, reading address 0x000000010563c770

Registers:
RAX=0x000000001d0b0150, RBX=0x0000000000000002, RCX=0x0000000000000002, RDX=0x000000001d0bbcf0
RSP=0x0000000018a1c8a0, RBP=0x000000001d109cd0, RSI=0x000000001d113920, RDI=0x000000001d0b6330
R8 =0x0000000000000000, R9 =0x000000001d100000, R10=0x00007ffc87d25730, R11=0x0000000000000000
R12=0x000000001d0b0150, R13=0x0000000000000002, R14=0x0000000000000002, R15=0x000000001d0b0ca0
RIP=0x000000001d047f07, EFLAGS=0x0000000000010202

Top of Stack: (sp=0x0000000018a1c8a0)
0x0000000018a1c8a0:   0000000000000002 000000001d113920
0x0000000018a1c8b0:   0000000000000000 000000001d0b6330
0x0000000018a1c8c0:   000000001d131670 000000001d0b0ca0
0x0000000018a1c8d0:   000000001d0b6330 0000000000000001
0x0000000018a1c8e0:   7fffffffffffffff 0000000000000000
0x0000000018a1c8f0:   3ff0000000000000 0000000000000000
0x0000000018a1c900:   0000000000000000 0000000000000002
0x0000000018a1c910:   3ff0000000000000 0000000000000000
0x0000000018a1c920:   0000000000000000 0000000000000000
0x0000000018a1c930:   000000001d0b6330 0000000000000000
0x0000000018a1c940:   000000001d0b6330 000000001d0b6330
0x0000000018a1c950:   0000000000000000 0000000000000000
0x0000000018a1c960:   0000000000000005 0000000000000001
0x0000000018a1c970:   0000000000000000 000000001d04921e
0x0000000018a1c980:   4014000000000000 0000000000000000
0x0000000018a1c990:   000000001d131620 000000001d131690 

Instructions: (pc=0x000000001d047f07)
0x000000001d047ee7:   f2 0f 10 1e 74 23 48 8b 97 e8 09 00 00 48 63 8f
0x000000001d047ef7:   a4 07 00 00 48 63 45 00 48 03 cb f2 0f 10 04 ca
0x000000001d047f07:   f2 0f 59 04 c2 f2 0f 59 d8 48 63 4d 00 48 8b 44
0x000000001d047f17:   24 20 4c 8d 04 c8 48 8b 84 24 f8 00 00 00 48 8d 


Register to memory mapping:

RAX=0x000000001d0b0150 is an unknown value
RBX=0x0000000000000002 is an unknown value
RCX=0x0000000000000002 is an unknown value
RDX=0x000000001d0bbcf0 is an unknown value
RSP=0x0000000018a1c8a0 is pointing into the stack for thread: 0x0000000017a65800
RBP=0x000000001d109cd0 is an unknown value
RSI=0x000000001d113920 is an unknown value
RDI=0x000000001d0b6330 is an unknown value
R8 =0x0000000000000000 is an unknown value
R9 =0x000000001d100000 is an unknown value
R10=0x00007ffc87d25730 is an unknown value
R11=0x0000000000000000 is an unknown value
R12=0x000000001d0b0150 is an unknown value
R13=0x0000000000000002 is an unknown value
R14=0x0000000000000002 is an unknown value
R15=0x000000001d0b0ca0 is an unknown value


Stack: [0x0000000018920000,0x0000000018a20000],  sp=0x0000000018a1c8a0,  free space=1010k
Native frames: (J=compiled Java code, j=interpreted, Vv=VM code, C=native code)
C  [lpsolve55.dll+0x57f07]
C  [lpsolve55.dll+0x5921e]
C  [lpsolve55.dll+0x4e400]
C  [lpsolve55.dll+0x5c65e]
C  [lpsolve55.dll+0x5d815]
C  0x00000000025f5b74

Java frames: (J=compiled Java code, j=interpreted, Vv=VM code)
j  lpsolve.LpSolve.solve()I+0
j  morral.Modelo.modelar()[Ljava/lang/String;+124
j  morral.Morral.CalcularActionPerformed(Ljava/awt/event/ActionEvent;)V+118
j  morral.Morral.access$100(Lmorral/Morral;Ljava/awt/event/ActionEvent;)V+2
j  morral.Morral$4.actionPerformed(Ljava/awt/event/ActionEvent;)V+5
j  javax.swing.AbstractButton.fireActionPerformed(Ljava/awt/event/ActionEvent;)V+83
j  javax.swing.AbstractButton$Handler.actionPerformed(Ljava/awt/event/ActionEvent;)V+5
j  javax.swing.DefaultButtonModel.fireActionPerformed(Ljava/awt/event/ActionEvent;)V+34
j  javax.swing.DefaultButtonModel.setPressed(Z)V+117
j  javax.swing.plaf.basic.BasicButtonListener.mouseReleased(Ljava/awt/event/MouseEvent;)V+35
j  java.awt.Component.processMouseEvent(Ljava/awt/event/MouseEvent;)V+64
j  javax.swing.JComponent.processMouseEvent(Ljava/awt/event/MouseEvent;)V+23
J 1751 C1 java.awt.Component.processEvent(Ljava/awt/AWTEvent;)V (220 bytes) @ 0x0000000002ba3b44 [0x0000000002ba3620+0x524]
J 1896 C1 java.awt.Container.processEvent(Ljava/awt/AWTEvent;)V (22 bytes) @ 0x0000000002bf610c [0x0000000002bf5de0+0x32c]
J 1707 C1 java.awt.Component.dispatchEventImpl(Ljava/awt/AWTEvent;)V (883 bytes) @ 0x0000000002b7b68c [0x0000000002b761a0+0x54ec]
J 1533 C1 java.awt.Container.dispatchEventImpl(Ljava/awt/AWTEvent;)V (129 bytes) @ 0x0000000002ae6f84 [0x0000000002ae6e40+0x144]
J 1981 C1 java.awt.LightweightDispatcher.retargetMouseEvent(Ljava/awt/Component;ILjava/awt/event/MouseEvent;)V (350 bytes) @ 0x0000000002c3a0dc [0x0000000002c37b80+0x255c]
J 1982 C1 java.awt.LightweightDispatcher.processMouseEvent(Ljava/awt/event/MouseEvent;)Z (301 bytes) @ 0x0000000002c3c98c [0x0000000002c3b6a0+0x12ec]
J 1749 C1 java.awt.LightweightDispatcher.dispatchEvent(Ljava/awt/AWTEvent;)Z (73 bytes) @ 0x0000000002ba27bc [0x0000000002ba2380+0x43c]
J 1533 C1 java.awt.Container.dispatchEventImpl(Ljava/awt/AWTEvent;)V (129 bytes) @ 0x0000000002ae6f24 [0x0000000002ae6e40+0xe4]
J 1735 C1 java.awt.Window.dispatchEventImpl(Ljava/awt/AWTEvent;)V (23 bytes) @ 0x0000000002b943a4 [0x0000000002b93dc0+0x5e4]
J 1606 C1 java.awt.EventQueue.dispatchEventImpl(Ljava/awt/AWTEvent;Ljava/lang/Object;)V (149 bytes) @ 0x0000000002b1678c [0x0000000002b15100+0x168c]
J 1604 C1 java.awt.EventQueue$3.run()Ljava/lang/Void; (60 bytes) @ 0x0000000002b1454c [0x0000000002b14340+0x20c]
J 1603 C1 java.awt.EventQueue$3.run()Ljava/lang/Object; (5 bytes) @ 0x0000000002b13fcc [0x0000000002b13f40+0x8c]
v  ~StubRoutines::call_stub
J 1079  java.security.AccessController.doPrivileged(Ljava/security/PrivilegedAction;Ljava/security/AccessControlContext;)Ljava/lang/Object; (0 bytes) @ 0x00000000029a01a6 [0x00000000029a0140+0x66]
J 1317 C1 java.security.ProtectionDomain$1.doIntersectionPrivilege(Ljava/security/PrivilegedAction;Ljava/security/AccessControlContext;Ljava/security/AccessControlContext;)Ljava/lang/Object; (32 bytes) @ 0x0000000002a49c5c [0x0000000002a49960+0x2fc]
J 1653 C1 java.awt.EventQueue$4.run()Ljava/lang/Object; (5 bytes) @ 0x0000000002b4b34c [0x0000000002b4af60+0x3ec]
v  ~StubRoutines::call_stub
J 1079  java.security.AccessController.doPrivileged(Ljava/security/PrivilegedAction;Ljava/security/AccessControlContext;)Ljava/lang/Object; (0 bytes) @ 0x00000000029a01a6 [0x00000000029a0140+0x66]
J 1464 C1 java.awt.EventQueue.dispatchEvent(Ljava/awt/AWTEvent;)V (80 bytes) @ 0x0000000002aaa234 [0x0000000002aa9580+0xcb4]
J 1472 C1 java.awt.EventDispatchThread.pumpOneEventForFilters(I)V (295 bytes) @ 0x0000000002aaf5ac [0x0000000002aad900+0x1cac]
j  java.awt.EventDispatchThread.pumpEventsForFilter(ILjava/awt/Conditional;Ljava/awt/EventFilter;)V+35
j  java.awt.EventDispatchThread.pumpEventsForHierarchy(ILjava/awt/Conditional;Ljava/awt/Component;)V+11
j  java.awt.EventDispatchThread.pumpEvents(ILjava/awt/Conditional;)V+4
j  java.awt.EventDispatchThread.pumpEvents(Ljava/awt/Conditional;)V+3
j  java.awt.EventDispatchThread.run()V+9
v  ~StubRoutines::call_stub

---------------  P R O C E S S  ---------------

Java Threads: ( => current thread )
  0x000000001bc55000 JavaThread "Swing-Shell" daemon [_thread_blocked, id=756, stack(0x000000001d720000,0x000000001d820000)]
  0x000000001a398000 JavaThread "TimerQueue" daemon [_thread_blocked, id=876, stack(0x000000001d420000,0x000000001d520000)]
  0x000000001be5c800 JavaThread "D3D Screen Updater" daemon [_thread_blocked, id=2576, stack(0x000000001c740000,0x000000001c840000)]
  0x00000000024e0800 JavaThread "DestroyJavaVM" [_thread_blocked, id=7640, stack(0x0000000002350000,0x0000000002450000)]
=>0x0000000017a65800 JavaThread "AWT-EventQueue-0" [_thread_in_native, id=8176, stack(0x0000000018920000,0x0000000018a20000)]
  0x0000000017a4e000 JavaThread "AWT-Windows" daemon [_thread_in_native, id=8080, stack(0x00000000182d0000,0x00000000183d0000)]
  0x0000000017a49800 JavaThread "AWT-Shutdown" [_thread_blocked, id=5088, stack(0x00000000181d0000,0x00000000182d0000)]
  0x0000000017a3e000 JavaThread "Java2D Disposer" daemon [_thread_blocked, id=7708, stack(0x00000000180d0000,0x00000000181d0000)]
  0x00000000176ed800 JavaThread "Service Thread" daemon [_thread_blocked, id=7216, stack(0x0000000017ad0000,0x0000000017bd0000)]
  0x0000000015e70000 JavaThread "C1 CompilerThread2" daemon [_thread_blocked, id=1660, stack(0x00000000175d0000,0x00000000176d0000)]
  0x0000000015e69800 JavaThread "C2 CompilerThread1" daemon [_thread_blocked, id=4752, stack(0x00000000174d0000,0x00000000175d0000)]
  0x0000000015e79000 JavaThread "C2 CompilerThread0" daemon [_thread_blocked, id=6284, stack(0x00000000173d0000,0x00000000174d0000)]
  0x0000000015e77000 JavaThread "Attach Listener" daemon [_thread_blocked, id=2580, stack(0x00000000172d0000,0x00000000173d0000)]
  0x0000000015e76000 JavaThread "Signal Dispatcher" daemon [_thread_blocked, id=7912, stack(0x00000000171d0000,0x00000000172d0000)]
  0x00000000025d5000 JavaThread "Finalizer" daemon [_thread_blocked, id=7480, stack(0x00000000170d0000,0x00000000171d0000)]
  0x00000000025cc000 JavaThread "Reference Handler" daemon [_thread_blocked, id=7212, stack(0x0000000016fd0000,0x00000000170d0000)]

Other Threads:
  0x0000000015e36000 VMThread [stack: 0x0000000016ed0000,0x0000000016fd0000] [id=6676]
  0x00000000176ef800 WatcherThread [stack: 0x0000000017bd0000,0x0000000017cd0000] [id=5000]

VM state:not at safepoint (normal execution)

VM Mutex/Monitor currently owned by a thread: None

Heap:
 PSYoungGen      total 28672K, used 7394K [0x00000000e0900000, 0x00000000e2900000, 0x0000000100000000)
  eden space 24576K, 13% used [0x00000000e0900000,0x00000000e0c40ba0,0x00000000e2100000)
  from space 4096K, 99% used [0x00000000e2100000,0x00000000e24f8020,0x00000000e2500000)
  to   space 4096K, 0% used [0x00000000e2500000,0x00000000e2500000,0x00000000e2900000)
 ParOldGen       total 65536K, used 40K [0x00000000a1a00000, 0x00000000a5a00000, 0x00000000e0900000)
  object space 65536K, 0% used [0x00000000a1a00000,0x00000000a1a0a000,0x00000000a5a00000)
 Metaspace       used 16051K, capacity 16296K, committed 16512K, reserved 1062912K
  class space    used 2071K, capacity 2128K, committed 2176K, reserved 1048576K

Card table byte_map: [0x00000000119a0000,0x0000000011ca0000] byte_map_base: 0x0000000011493000

Marking Bits: (ParMarkBitMap*) 0x0000000061ded4f0
 Begin Bits: [0x00000000122a0000, 0x0000000013a38000)
 End Bits:   [0x0000000013a38000, 0x00000000151d0000)

Polling page: 0x0000000000d80000

CodeCache: size=245760Kb used=6732Kb max_used=6738Kb free=239028Kb
 bounds [0x00000000025e0000, 0x0000000002c80000, 0x00000000115e0000]
 total_blobs=2608 nmethods=2067 adapters=453
 compilation: enabled

Compilation events (10 events):
Event: 18.344 Thread 0x0000000015e70000 nmethod 2063 0x0000000002c77ad0 code [0x0000000002c77c40, 0x0000000002c78010]
Event: 18.344 Thread 0x0000000015e79000 nmethod 2062 0x0000000002c6f910 code [0x0000000002c6fa80, 0x0000000002c6fbb8]
Event: 18.345 Thread 0x0000000015e70000 2064       1       sun.awt.image.SunVolatileImage::getComponent (5 bytes)
Event: 18.346 Thread 0x0000000015e70000 nmethod 2064 0x0000000002c77810 code [0x0000000002c77960, 0x0000000002c77a70]
Event: 18.488 Thread 0x0000000015e70000 2065       3       java.util.concurrent.locks.AbstractQueuedSynchronizer::shouldParkAfterFailedAcquire (50 bytes)
Event: 18.489 Thread 0x0000000015e70000 nmethod 2065 0x0000000002c771d0 code [0x0000000002c77340, 0x0000000002c77670]
Event: 18.489 Thread 0x0000000015e70000 2066       1       javax.swing.text.JTextComponent::getDocument (5 bytes)
Event: 18.490 Thread 0x0000000015e70000 nmethod 2066 0x0000000002c76f10 code [0x0000000002c77060, 0x0000000002c77170]
Event: 18.492 Thread 0x0000000015e70000 2067       1       java.net.URL::getQuery (5 bytes)
Event: 18.492 Thread 0x0000000015e70000 nmethod 2067 0x0000000002c76c50 code [0x0000000002c76da0, 0x0000000002c76eb0]

GC Heap History (2 events):
Event: 14.308 GC heap before
{Heap before GC invocations=1 (full 0):
 PSYoungGen      total 28672K, used 24576K [0x00000000e0900000, 0x00000000e2900000, 0x0000000100000000)
  eden space 24576K, 100% used [0x00000000e0900000,0x00000000e2100000,0x00000000e2100000)
  from space 4096K, 0% used [0x00000000e2500000,0x00000000e2500000,0x00000000e2900000)
  to   space 4096K, 0% used [0x00000000e2100000,0x00000000e2100000,0x00000000e2500000)
 ParOldGen       total 65536K, used 0K [0x00000000a1a00000, 0x00000000a5a00000, 0x00000000e0900000)
  object space 65536K, 0% used [0x00000000a1a00000,0x00000000a1a00000,0x00000000a5a00000)
 Metaspace       used 15693K, capacity 15900K, committed 16256K, reserved 1062912K
  class space    used 2053K, capacity 2124K, committed 2176K, reserved 1048576K
Event: 14.336 GC heap after
Heap after GC invocations=1 (full 0):
 PSYoungGen      total 28672K, used 4064K [0x00000000e0900000, 0x00000000e2900000, 0x0000000100000000)
  eden space 24576K, 0% used [0x00000000e0900000,0x00000000e0900000,0x00000000e2100000)
  from space 4096K, 99% used [0x00000000e2100000,0x00000000e24f8020,0x00000000e2500000)
  to   space 4096K, 0% used [0x00000000e2500000,0x00000000e2500000,0x00000000e2900000)
 ParOldGen       total 65536K, used 40K [0x00000000a1a00000, 0x00000000a5a00000, 0x00000000e0900000)
  object space 65536K, 0% used [0x00000000a1a00000,0x00000000a1a0a000,0x00000000a5a00000)
 Metaspace       used 15693K, capacity 15900K, committed 16256K, reserved 1062912K
  class space    used 2053K, capacity 2124K, committed 2176K, reserved 1048576K
}

Deoptimization events (6 events):
Event: 1.373 Thread 0x0000000017a65800 Uncommon trap: reason=unreached action=reinterpret pc=0x00000000027b9c84 method=java.util.HashMap.putVal(ILjava/lang/Object;Ljava/lang/Object;ZZ)Ljava/lang/Object; @ 109
Event: 2.159 Thread 0x0000000017a65800 Uncommon trap: reason=class_check action=maybe_recompile pc=0x000000000277dd5c method=java.lang.String.equals(Ljava/lang/Object;)Z @ 8
Event: 2.159 Thread 0x0000000017a65800 Uncommon trap: reason=class_check action=maybe_recompile pc=0x000000000277dd5c method=java.lang.String.equals(Ljava/lang/Object;)Z @ 8
Event: 2.159 Thread 0x0000000017a65800 Uncommon trap: reason=class_check action=maybe_recompile pc=0x000000000277dd5c method=java.lang.String.equals(Ljava/lang/Object;)Z @ 8
Event: 2.159 Thread 0x0000000017a65800 Uncommon trap: reason=class_check action=maybe_recompile pc=0x000000000277dd5c method=java.lang.String.equals(Ljava/lang/Object;)Z @ 8
Event: 17.112 Thread 0x0000000017a65800 Uncommon trap: reason=unreached action=reinterpret pc=0x0000000002890890 method=java.lang.ThreadLocal$ThreadLocalMap.getEntry(Ljava/lang/ThreadLocal;)Ljava/lang/ThreadLocal$ThreadLocalMap$Entry; @ 21

Internal exceptions (10 events):
Event: 1.211 Thread 0x0000000019fd9000 Exception <a 'java/security/PrivilegedActionException'> (0x00000000e0f66ce8) thrown at [C:\workspace\8-2-build-windows-amd64-cygwin\jdk8u31\2394\hotspot\src\share\vm\prims\jvm.cpp, line 1312]
Event: 1.230 Thread 0x0000000019fd9000 Exception <a 'java/security/PrivilegedActionException'> (0x00000000e0f80438) thrown at [C:\workspace\8-2-build-windows-amd64-cygwin\jdk8u31\2394\hotspot\src\share\vm\prims\jvm.cpp, line 1312]
Event: 1.230 Thread 0x0000000019fd9000 Exception <a 'java/security/PrivilegedActionException'> (0x00000000e0f81ce0) thrown at [C:\workspace\8-2-build-windows-amd64-cygwin\jdk8u31\2394\hotspot\src\share\vm\prims\jvm.cpp, line 1312]
Event: 8.761 Thread 0x0000000017a65800 Exception <a 'java/security/PrivilegedActionException'> (0x00000000e1c652e0) thrown at [C:\workspace\8-2-build-windows-amd64-cygwin\jdk8u31\2394\hotspot\src\share\vm\prims\jvm.cpp, line 1312]
Event: 17.112 Thread 0x0000000017a65800 Implicit null exception at 0x00000000028907fb to 0x0000000002890871
Event: 18.491 Thread 0x0000000017a65800 Exception <a 'java/security/PrivilegedActionException'> (0x00000000e0c10680) thrown at [C:\workspace\8-2-build-windows-amd64-cygwin\jdk8u31\2394\hotspot\src\share\vm\prims\jvm.cpp, line 1312]
Event: 18.504 Thread 0x0000000017a65800 Exception <a 'java/security/PrivilegedActionException'> (0x00000000e0c1d5f8) thrown at [C:\workspace\8-2-build-windows-amd64-cygwin\jdk8u31\2394\hotspot\src\share\vm\prims\jvm.cpp, line 1312]
Event: 18.505 Thread 0x0000000017a65800 Exception <a 'java/security/PrivilegedActionException'> (0x00000000e0c1faf0) thrown at [C:\workspace\8-2-build-windows-amd64-cygwin\jdk8u31\2394\hotspot\src\share\vm\prims\jvm.cpp, line 1312]
Event: 18.506 Thread 0x0000000017a65800 Exception <a 'java/security/PrivilegedActionException'> (0x00000000e0c21fe8) thrown at [C:\workspace\8-2-build-windows-amd64-cygwin\jdk8u31\2394\hotspot\src\share\vm\prims\jvm.cpp, line 1312]
Event: 18.507 Thread 0x0000000017a65800 Exception <a 'java/security/PrivilegedActionException'> (0x00000000e0c244b0) thrown at [C:\workspace\8-2-build-windows-amd64-cygwin\jdk8u31\2394\hotspot\src\share\vm\prims\jvm.cpp, line 1312]

Events (10 events):
Event: 18.495 loading class java/lang/ClassLoaderHelper
Event: 18.495 loading class java/lang/ClassLoaderHelper done
Event: 18.504 loading class lpsolve/AbortListener
Event: 18.504 loading class lpsolve/AbortListener done
Event: 18.505 loading class lpsolve/LogListener
Event: 18.505 loading class lpsolve/LogListener done
Event: 18.506 loading class lpsolve/MsgListener
Event: 18.506 loading class lpsolve/MsgListener done
Event: 18.507 loading class lpsolve/BbListener
Event: 18.507 loading class lpsolve/BbListener done


Dynamic libraries:
0x00007ff7ffa50000 - 0x00007ff7ffa84000 	C:\Program Files\Java\jdk1.8.0_31\bin\java.exe
0x00007ffc87d20000 - 0x00007ffc87ecc000 	C:\WINDOWS\SYSTEM32\ntdll.dll
0x00007ffc87630000 - 0x00007ffc8776a000 	C:\WINDOWS\system32\KERNEL32.DLL
0x00007ffc85180000 - 0x00007ffc8528f000 	C:\WINDOWS\system32\KERNELBASE.dll
0x00007ffc83b60000 - 0x00007ffc83be8000 	C:\WINDOWS\system32\apphelp.dll
0x00007ffc71ee0000 - 0x00007ffc71f2f000 	C:\WINDOWS\AppPatch\AppPatch64\AcGenral.DLL
0x00007ffc87780000 - 0x00007ffc87827000 	C:\WINDOWS\system32\msvcrt.dll
0x00007ffc84d40000 - 0x00007ffc84d6b000 	C:\WINDOWS\SYSTEM32\SspiCli.dll
0x00007ffc855a0000 - 0x00007ffc855f1000 	C:\WINDOWS\system32\SHLWAPI.dll
0x00007ffc85600000 - 0x00007ffc85771000 	C:\WINDOWS\system32\USER32.dll
0x00007ffc874b0000 - 0x00007ffc87628000 	C:\WINDOWS\system32\ole32.dll
0x00007ffc858b0000 - 0x00007ffc86dc8000 	C:\WINDOWS\system32\SHELL32.dll
0x00007ffc84550000 - 0x00007ffc8456e000 	C:\WINDOWS\SYSTEM32\USERENV.dll
0x00007ffc86f20000 - 0x00007ffc86fc5000 	C:\WINDOWS\system32\ADVAPI32.dll
0x00007ffc7b6f0000 - 0x00007ffc7b70b000 	C:\WINDOWS\SYSTEM32\MPR.dll
0x00007ffc86dd0000 - 0x00007ffc86f07000 	C:\WINDOWS\system32\RPCRT4.dll
0x00007ffc85470000 - 0x00007ffc854c9000 	C:\WINDOWS\SYSTEM32\sechost.dll
0x00007ffc86fd0000 - 0x00007ffc871a6000 	C:\WINDOWS\SYSTEM32\combase.dll
0x00007ffc879f0000 - 0x00007ffc87b34000 	C:\WINDOWS\system32\GDI32.dll
0x00007ffc84f60000 - 0x00007ffc84f74000 	C:\WINDOWS\SYSTEM32\profapi.dll
0x00007ffc83370000 - 0x00007ffc83422000 	C:\WINDOWS\SYSTEM32\SHCORE.dll
0x00007ffc87ce0000 - 0x00007ffc87d14000 	C:\WINDOWS\system32\IMM32.DLL
0x00007ffc87890000 - 0x00007ffc879e2000 	C:\WINDOWS\system32\MSCTF.dll
0x00007ffc82280000 - 0x00007ffc824da000 	C:\WINDOWS\WinSxS\amd64_microsoft.windows.common-controls_6595b64144ccf1df_6.0.9600.17031_none_6242a4b3ecbb55a1\COMCTL32.dll
0x0000000061530000 - 0x0000000061602000 	C:\Program Files\Java\jdk1.8.0_31\jre\bin\msvcr100.dll
0x0000000061610000 - 0x0000000061e6a000 	C:\Program Files\Java\jdk1.8.0_31\jre\bin\server\jvm.dll
0x00007ffc82880000 - 0x00007ffc82889000 	C:\WINDOWS\SYSTEM32\WSOCK32.dll
0x00007ffc7a9a0000 - 0x00007ffc7a9bf000 	C:\WINDOWS\SYSTEM32\WINMM.dll
0x00007ffc86f10000 - 0x00007ffc86f17000 	C:\WINDOWS\system32\PSAPI.DLL
0x00007ffc87390000 - 0x00007ffc873e8000 	C:\WINDOWS\system32\WS2_32.dll
0x00007ffc7a970000 - 0x00007ffc7a99a000 	C:\WINDOWS\SYSTEM32\WINMMBASE.dll
0x00007ffc87770000 - 0x00007ffc87779000 	C:\WINDOWS\system32\NSI.dll
0x00007ffc85080000 - 0x00007ffc850ca000 	C:\WINDOWS\SYSTEM32\cfgmgr32.dll
0x00007ffc83dc0000 - 0x00007ffc83de6000 	C:\WINDOWS\SYSTEM32\DEVOBJ.dll
0x00000000624d0000 - 0x00000000624df000 	C:\Program Files\Java\jdk1.8.0_31\jre\bin\verify.dll
0x00000000614c0000 - 0x00000000614e8000 	C:\Program Files\Java\jdk1.8.0_31\jre\bin\java.dll
0x00000000614a0000 - 0x00000000614b6000 	C:\Program Files\Java\jdk1.8.0_31\jre\bin\zip.dll
0x00000000612c0000 - 0x0000000061458000 	C:\Program Files\Java\jdk1.8.0_31\jre\bin\awt.dll
0x00007ffc854d0000 - 0x00007ffc85591000 	C:\WINDOWS\system32\OLEAUT32.dll
0x00007ffc83c90000 - 0x00007ffc83db1000 	C:\WINDOWS\system32\uxtheme.dll
0x00007ffc82f10000 - 0x00007ffc82f30000 	C:\WINDOWS\system32\dwmapi.dll
0x00007ffc83c70000 - 0x00007ffc83c7a000 	C:\WINDOWS\SYSTEM32\kernel.appcore.dll
0x00007ffc84ed0000 - 0x00007ffc84eda000 	C:\WINDOWS\SYSTEM32\CRYPTBASE.dll
0x00007ffc84d70000 - 0x00007ffc84dd0000 	C:\WINDOWS\SYSTEM32\bcryptPrimitives.dll
0x0000000061270000 - 0x00000000612b7000 	C:\Program Files\Java\jdk1.8.0_31\jre\bin\fontmanager.dll
0x00007ffc7a060000 - 0x00007ffc7a268000 	C:\WINDOWS\system32\d3d9.dll
0x00007ffc7eb60000 - 0x00007ffc7eb6a000 	C:\WINDOWS\SYSTEM32\VERSION.dll
0x00007ffc6ab90000 - 0x00007ffc6b5b9000 	C:\WINDOWS\SYSTEM32\igdumdim64.dll
0x00007ffc82890000 - 0x00007ffc82cda000 	C:\WINDOWS\SYSTEM32\igdusc64.dll
0x00007ffc87400000 - 0x00007ffc874a4000 	C:\WINDOWS\SYSTEM32\clbcatq.dll
0x00007ffc83440000 - 0x00007ffc835ee000 	C:\WINDOWS\SYSTEM32\WindowsCodecs.dll
0x00007ffc84800000 - 0x00007ffc8481e000 	C:\WINDOWS\SYSTEM32\CRYPTSP.dll
0x00007ffc84440000 - 0x00007ffc84475000 	C:\WINDOWS\system32\rsaenh.dll
0x00007ffc84a40000 - 0x00007ffc84a66000 	C:\WINDOWS\SYSTEM32\bcrypt.dll
0x0000000061480000 - 0x000000006149a000 	C:\Program Files\Java\jdk1.8.0_31\jre\bin\net.dll
0x00007ffc847a0000 - 0x00007ffc847f8000 	C:\WINDOWS\system32\mswsock.dll
0x0000000061460000 - 0x0000000061471000 	C:\Program Files\Java\jdk1.8.0_31\jre\bin\nio.dll
0x0000000061220000 - 0x0000000061261000 	C:\Program Files\Java\jdk1.8.0_31\jre\bin\t2k.dll
0x00000000611e0000 - 0x000000006120a000 	C:\Program Files\Java\jdk1.8.0_31\jre\bin\dcpr.dll
0x00007ffc850d0000 - 0x00007ffc85171000 	C:\WINDOWS\WinSxS\amd64_microsoft.windows.common-controls_6595b64144ccf1df_5.82.9600.16384_none_34a8918f959016ea\comctl32.dll
0x00007ffc81780000 - 0x00007ffc818ef000 	C:\WINDOWS\SYSTEM32\PROPSYS.dll
0x00007ffc7b220000 - 0x00007ffc7b3bc000 	C:\WINDOWS\system32\NetworkExplorer.dll
0x00007ffc871b0000 - 0x00007ffc87384000 	C:\WINDOWS\system32\SETUPAPI.dll
0x00007ffc81470000 - 0x00007ffc8147b000 	C:\WINDOWS\System32\drprov.dll
0x00007ffc84e70000 - 0x00007ffc84ec7000 	C:\WINDOWS\System32\WINSTA.dll
0x00007ffc7b7c0000 - 0x00007ffc7b7d5000 	C:\WINDOWS\System32\ntlanman.dll
0x00007ffc7a6e0000 - 0x00007ffc7a6fe000 	C:\WINDOWS\System32\davclnt.dll
0x00007ffc7df20000 - 0x00007ffc7df2b000 	C:\WINDOWS\System32\DAVHLPR.dll
0x00007ffc81bd0000 - 0x00007ffc81be6000 	C:\WINDOWS\System32\wkscli.dll
0x00007ffc7d3f0000 - 0x00007ffc7d400000 	C:\WINDOWS\SYSTEM32\cscapi.dll
0x00007ffc841f0000 - 0x00007ffc841fc000 	C:\WINDOWS\System32\netutils.dll
0x00007ffc70360000 - 0x00007ffc703d5000 	C:\Windows\System32\dlnashext.dll
0x00007ffc7b1a0000 - 0x00007ffc7b1e6000 	C:\Windows\System32\PlayToDevice.dll
0x00007ffc70b10000 - 0x00007ffc70b2c000 	C:\Windows\System32\DevDispItemProvider.dll
0x00007ffc82780000 - 0x00007ffc827a9000 	C:\WINDOWS\SYSTEM32\IPHLPAPI.DLL
0x00007ffc82760000 - 0x00007ffc8276a000 	C:\WINDOWS\SYSTEM32\WINNSI.DLL
0x00007ffc82660000 - 0x00007ffc82674000 	C:\WINDOWS\SYSTEM32\dhcpcsvc6.DLL
0x00007ffc79c90000 - 0x00007ffc79f50000 	C:\Windows\System32\actxprxy.dll
0x00007ffc82640000 - 0x00007ffc82659000 	C:\WINDOWS\SYSTEM32\dhcpcsvc.DLL
0x00007ffc7e1c0000 - 0x00007ffc7e1fd000 	C:\WINDOWS\System32\netprofm.dll
0x00007ffc7bd20000 - 0x00007ffc7bd2e000 	C:\WINDOWS\System32\npmproxy.dll
0x00007ffc70170000 - 0x00007ffc7035f000 	C:\WINDOWS\system32\wpdshext.dll
0x00007ffc787d0000 - 0x00007ffc78968000 	C:\WINDOWS\WinSxS\amd64_microsoft.windows.gdiplus_6595b64144ccf1df_1.1.9600.17227_none_932c0e57474f5080\gdiplus.dll
0x00007ffc7bf30000 - 0x00007ffc7bfd6000 	C:\Windows\System32\PortableDeviceApi.dll
0x00007ffc85030000 - 0x00007ffc8507c000 	C:\WINDOWS\system32\WINTRUST.dll
0x00007ffc85290000 - 0x00007ffc8546f000 	C:\WINDOWS\system32\CRYPT32.dll
0x00007ffc85010000 - 0x00007ffc85022000 	C:\WINDOWS\system32\MSASN1.dll
0x00007ffc79980000 - 0x00007ffc799b6000 	C:\Windows\System32\EhStorShell.dll
0x00007ffc7c0a0000 - 0x00007ffc7c0c5000 	C:\Windows\System32\EhStorAPI.dll
0x00007ffc81a00000 - 0x00007ffc81a11000 	C:\Windows\System32\WTSAPI32.dll
0x00007ffc76ba0000 - 0x00007ffc76bac000 	C:\WINDOWS\SYSTEM32\LINKINFO.dll
0x0000000180000000 - 0x0000000180025000 	C:\Windows\System32\lpsolve55j.dll
0x000000001cff0000 - 0x000000001d08f000 	C:\WINDOWS\SYSTEM32\lpsolve55.dll
0x00007ffc7e9d0000 - 0x00007ffc7eb58000 	C:\WINDOWS\SYSTEM32\dbghelp.dll

VM Arguments:
jvm_args: -Dfile.encoding=UTF-8 
java_command: morral.Morral
java_class_path (initial): H:\UNIVERSIDAD\Semestre 4\COMPLEJIDAD Y OPTIMIZACION\Proyecto\Implementacion\Lpsolve\lp_solve_5.5.2.0_java\lp_solve_5.5_java\lib\lpsolve55j.jar;C:\Program Files\NetBeans 8.0.2\java\modules\ext\AbsoluteLayout.jar;H:\UNIVERSIDAD\Semestre 4\COMPLEJIDAD Y OPTIMIZACION\Proyecto\Implementacion\Morral\build\classes
Launcher Type: SUN_STANDARD

Environment Variables:
PATH=C:\ProgramData\Oracle\Java\javapath;C:\Program Files (x86)\Lenovo\FusionEngine;C:\Program Files (x86)\Intel\iCLS Client\;C:\Program Files\Intel\iCLS Client\;C:\WINDOWS\system32;C:\WINDOWS;C:\WINDOWS\System32\Wbem;C:\WINDOWS\System32\WindowsPowerShell\v1.0\;C:\Program Files\Intel\Intel(R) Management Engine Components\DAL;C:\Program Files\Intel\Intel(R) Management Engine Components\IPT;C:\Program Files (x86)\Intel\Intel(R) Management Engine Components\DAL;C:\Program Files (x86)\Intel\Intel(R) Management Engine Components\IPT;C:\Program Files (x86)\Common Files\lenovo\easyplussdk\bin;C:\Program Files (x86)\Windows Kits\8.1\Windows Performance Toolkit\;C:\Program Files\Microsoft SQL Server\110\Tools\Binn\;C:\Program Files (x86)\Microsoft SDKs\TypeScript\1.0\;C:\Program Files\Microsoft SQL Server\120\Tools\Binn\;C:\Program Files (x86)\Skype\Phone\
USERNAME=Maleja
OS=Windows_NT
PROCESSOR_IDENTIFIER=Intel64 Family 6 Model 69 Stepping 1, GenuineIntel



---------------  S Y S T E M  ---------------

OS: Windows 8.1 , 64 bit Build 9600 

CPU:total 4 (2 cores per cpu, 2 threads per core) family 6 model 69 stepping 1, cmov, cx8, fxsr, mmx, sse, sse2, sse3, ssse3, sse4.1, sse4.2, popcnt, avx, avx2, aes, clmul, erms, lzcnt, ht, tsc, tscinvbit, bmi1, bmi2

Memory: 4k page, physical 6181144k(1954100k free), swap 7164184k(1525752k free)

vm_info: Java HotSpot(TM) 64-Bit Server VM (25.31-b07) for windows-amd64 JRE (1.8.0_31-b13), built on Dec 17 2014 21:00:28 by "java_re" with MS VC++ 10.0 (VS2010)

time: Mon May 04 00:07:24 2015
elapsed time: 18 seconds (0d 0h 0m 18s)

